<?xml version="1.0" encoding="UTF-8"?>
<!-- Generated by org.testng.reporters.JUnitReportReporter -->
<testsuite hostname="ArunMotoori" failures="0" tests="1" name="tests.ProductCompare" time="7.956" errors="0" timestamp="2025-07-27T12:09:02 IST" skipped="0">
  <testcase classname="tests.ProductCompare" name="verifyBreadCrumbOfProductComparePage" time="7.956"/>
</testsuite> <!-- tests.ProductCompare -->
