<?xml version="1.0" encoding="UTF-8"?>
<!-- Generated by org.testng.reporters.JUnitReportReporter -->
<testsuite hostname="ArunMotoori" failures="0" tests="1" name="tests.ProductDisplayPage" time="5.830" errors="0" timestamp="2025-09-14T17:29:24 IST" skipped="0">
  <testcase classname="tests.ProductDisplayPage" name="verifyWritingReviewForAProduct" time="5.830"/>
</testsuite> <!-- tests.ProductDisplayPage -->
