<?xml version="1.0" encoding="UTF-8"?>
<!-- Generated by org.testng.reporters.JUnitReportReporter -->
<testsuite hostname="ArunMotoori" failures="0" tests="1" name="tests.ProductCompare" time="5.349" errors="0" timestamp="2025-09-07T16:51:58 IST" skipped="0">
  <testcase classname="tests.ProductCompare" name="verifyUIOfCompareThisProduct" time="5.349"/>
</testsuite> <!-- tests.ProductCompare -->
