<?xml version="1.0" encoding="UTF-8"?>
<!-- Generated by org.testng.reporters.JUnitReportReporter -->
<testsuite hostname="ArunMotoori" failures="0" tests="1" name="tests.ProductCompare" time="11.310" errors="0" timestamp="2025-08-10T12:35:59 IST" skipped="0">
  <testcase classname="tests.ProductCompare" name="verifyProductComparisonPageWhenOnlyFourProductsAreAddedForComparison" time="11.310"/>
</testsuite> <!-- tests.ProductCompare -->
