<?xml version="1.0" encoding="UTF-8"?>
<!-- Generated by org.testng.reporters.JUnitReportReporter -->
<testsuite hostname="ArunMotoori" failures="0" tests="1" name="tests.ProductCompare" time="4.461" errors="0" timestamp="2025-08-31T16:46:27 IST" skipped="0">
  <testcase classname="tests.ProductCompare" name="verifyPageTitlePageHeadingPageURLOfProductComparisonPage" time="4.461"/>
</testsuite> <!-- tests.ProductCompare -->
